Illuminant-based Transformed Spaces for Image Forensics - RESULT]
Parameters analysed:
	 ('acc', 4, 3, 'IIC', None)
	 ('acc', 1, 3, 'IIC', None)
	 ('acc', 2, 3, 'IIC', None)
	 ('acc', 4, 3, 'GGE', None)
	 ('acc', 1, 3, 'GGE', None)
	 ('acc', 2, 3, 'GGE', None)
	 ('ccv', 4, 3, 'IIC', None)
	 ('ccv', 1, 3, 'IIC', None)
	 ('ccv', 2, 3, 'IIC', None)
	 ('ccv', 4, 3, 'GGE', None)
	 ('ccv', 1, 3, 'GGE', None)
	 ('ccv', 2, 3, 'GGE', None)
	 ('bic', 4, 3, 'IIC', None)
	 ('bic', 1, 3, 'IIC', None)
	 ('bic', 2, 3, 'IIC', None)
	 ('bic', 4, 3, 'GGE', None)
	 ('bic', 1, 3, 'GGE', None)
	 ('bic', 2, 3, 'GGE', None)
	 ('lch', 4, 3, 'IIC', None)
	 ('lch', 1, 3, 'IIC', None)
	 ('lch', 2, 3, 'IIC', None)
	 ('lch', 4, 3, 'GGE', None)
	 ('lch', 1, 3, 'GGE', None)
	 ('lch', 2, 3, 'GGE', None)
	 ('sasi', 4, 2, 'IIC', None)
	 ('sasi', 0, 0, 'IIC', None)
	 ('sasi', 2, 2, 'IIC', None)
	 ('sasi', 4, 2, 'GGE', None)
	 ('sasi', 0, 0, 'GGE', None)
	 ('sasi', 2, 2, 'GGE', None)
	 ('las', 4, 2, 'IIC', None)
	 ('las', 0, 0, 'IIC', None)
	 ('las', 2, 2, 'IIC', None)
	 ('las', 4, 2, 'GGE', None)
	 ('las', 0, 0, 'GGE', None)
	 ('las', 2, 2, 'GGE', None)
	 ('unser', 4, 2, 'IIC', -1)
	 ('unser', 0, 0, 'IIC', -1)
	 ('unser', 2, 2, 'IIC', -1)
	 ('unser', 4, 2, 'GGE', -1)
	 ('unser', 0, 0, 'GGE', -1)
	 ('unser', 2, 2, 'GGE', -1)
	 ('eoac', 4, 2, 'IIC', None)
	 ('eoac', 0, 0, 'IIC', None)
	 ('eoac', 2, 2, 'IIC', None)
	 ('eoac', 4, 2, 'GGE', None)
	 ('eoac', 0, 0, 'GGE', None)
	 ('eoac', 2, 2, 'GGE', None)
	 ('spytec', 4, 2, 'IIC', None)
	 ('spytec', 0, 0, 'IIC', None)
	 ('spytec', 2, 2, 'IIC', None)
	 ('spytec', 4, 2, 'GGE', None)
	 ('spytec', 0, 0, 'GGE', None)
	 ('spytec', 2, 2, 'GGE', None)
Normal Votes: 0 
Modified Votes: 54 
Final Classification: Modificada